//
//  VFR compiler version  2.01 (UEFI 2.4) 
//
#line 1 "c:\\r9tip\\allpkg\\comancheridge\\allpkg\\intel\\ServerPlatformPkg\\Platform\\Dxe\\EmulationDfxSetup\\EmulationDfxSetupForms.vfr"
#line 1 "c:\\r9tip\\allpkg\\comancheridge\\allpkg\\intel\\Build\\WhitleyRpPkg\\DEBUG_VS2015x86\\X64\\ServerPlatformPkg\\Platform\\Dxe\\EmulationDfxSetup\\EmulationDfxSetup\\DEBUG\\EmulationDfxSetupStrDefs.h"


































extern unsigned char EmulationDfxSetupStrings[];








#line 45 "c:\\r9tip\\allpkg\\comancheridge\\allpkg\\intel\\Build\\WhitleyRpPkg\\DEBUG_VS2015x86\\X64\\ServerPlatformPkg\\Platform\\Dxe\\EmulationDfxSetup\\EmulationDfxSetup\\DEBUG\\EmulationDfxSetupStrDefs.h"

#line 47 "c:\\r9tip\\allpkg\\comancheridge\\allpkg\\intel\\Build\\WhitleyRpPkg\\DEBUG_VS2015x86\\X64\\ServerPlatformPkg\\Platform\\Dxe\\EmulationDfxSetup\\EmulationDfxSetup\\DEBUG\\EmulationDfxSetupStrDefs.h"
#line 1 "c:\\r9tip\\allpkg\\comancheridge\\allpkg\\intel\\ServerPlatformPkg\\Platform\\Dxe\\EmulationDfxSetup\\EmulationDfxSetupForms.vfr"



























#line 1 "c:\\r9tip\\allpkg\\comancheridge\\allpkg\\intel\\ServerSiliconPkg\\Include\\EmulationConfiguration.h"























































extern EFI_GUID gEmulationHobGuid;

#line 59 "c:\\r9tip\\allpkg\\comancheridge\\allpkg\\intel\\ServerSiliconPkg\\Include\\EmulationConfiguration.h"



#line 29 "c:\\r9tip\\allpkg\\comancheridge\\allpkg\\intel\\ServerPlatformPkg\\Platform\\Dxe\\EmulationDfxSetup\\EmulationDfxSetupForms.vfr"
#line 1 "c:\\r9tip\\allpkg\\comancheridge\\allpkg\\intel\\ServerSiliconPkg\\Include\\Guid/EmulationDfxVariable.h"































#pragma pack(1)
typedef struct {
  UINT8    DfxUbiosGeneration;
  UINT8    DfxHybridSystemLevelEmulation;
  UINT8    DfxPmMsrTrace;
} EMULATION_DFX_CONFIGURATION;
#pragma pack()

extern EFI_GUID gEmulationDfxVariableGuid;


#line 44 "c:\\r9tip\\allpkg\\comancheridge\\allpkg\\intel\\ServerSiliconPkg\\Include\\Guid/EmulationDfxVariable.h"

#line 30 "c:\\r9tip\\allpkg\\comancheridge\\allpkg\\intel\\ServerPlatformPkg\\Platform\\Dxe\\EmulationDfxSetup\\EmulationDfxSetupForms.vfr"

formset
>00000000: 0E A7 6E B5 B3 52 16 E7 5F 45 A5 E3 B3 14 F1 8E 6C 5D 03 00 04 00 01 71 99 03 93 45 85 04 4B B4 5E 32 EB 83 26 04 0E 
>00000051: 5C 06 0C 00 00 00 
>00000057: 5C 06 0D 00 01 00 
  guid     = { 0x52b3b56e, 0xe716, 0x455f, 0xa5, 0xe3, 0xb3, 0x14, 0xf1, 0x8e, 0x6c, 0x5d },
  title    = STRING_TOKEN(0x0003),
  help     = STRING_TOKEN(0x0004),
  class    = 45,
>00000027: 5F 15 35 17 0B 0F A0 87 93 41 B2 66 53 8C 38 AF 48 CE 03 2D 00 
  subclass = 0x00,
>0000003C: 5F 15 35 17 0B 0F A0 87 93 41 B2 66 53 8C 38 AF 48 CE 04 00 00 

  efivarstore EMULATION_DFX_CONFIGURATION,
>0000005D: 26 2D 01 00 AD 6E 26 41 1C 70 1F 46 A6 B1 42 CD 38 7D 1A 6E 07 00 00 00 03 00 45 6D 75 6C 61 74 69 6F 6E 44 66 78 43 6F 6E 66 69 67 00 
    attribute = 0x7,  
    name  = EmulationDfxConfig,
    guid  = { 0x41266ead, 0x701c, 0x461f, 0xa6, 0xb1, 0x42, 0xcd, 0x38, 0x7d, 0x1a, 0x6e };

  defaultstore MyStandardDefault,
      prompt      = STRING_TOKEN(0x000C),
      attribute   = 0x0000;                         

  defaultstore MyManufactureDefault,
      prompt      = STRING_TOKEN(0x000D),
      attribute   = 0x0001;

  
  
  
  form formid = 0x48D0,
>0000008A: 01 86 D0 48 03 00 
      title   = STRING_TOKEN(0x0003);

      subtitle text = STRING_TOKEN(0x0003);
>00000090: 02 87 03 00 00 00 00 
>00000097: 29 02 
      subtitle text = STRING_TOKEN(0x0002);
>00000099: 02 87 02 00 00 00 00 
>000000A0: 29 02 

      
      
      
      oneof varid  = EMULATION_DFX_CONFIGURATION.DfxUbiosGeneration,
>000000A2: 05 91 05 00 06 00 01 00 01 00 00 00 10 10 00 02 00 
          prompt   = STRING_TOKEN(0x0005),
          help     = STRING_TOKEN(0x0006),




#line 71 "c:\\r9tip\\allpkg\\comancheridge\\allpkg\\intel\\ServerPlatformPkg\\Platform\\Dxe\\EmulationDfxSetup\\EmulationDfxSetupForms.vfr"
          option text = STRING_TOKEN(0x000A),         value = 1, flags = RESET_REQUIRED;
>000000B3: 09 07 0A 00 00 00 01 
          option text = STRING_TOKEN(0x000B),          value = 2,  flags = RESET_REQUIRED;
>000000BA: 09 07 0B 00 00 00 02 
          option text = STRING_TOKEN(0x0009),            value = 0,    flags = RESET_REQUIRED | MANUFACTURING | DEFAULT;
>000000C1: 09 07 09 00 30 00 00 
#line 75 "c:\\r9tip\\allpkg\\comancheridge\\allpkg\\intel\\ServerPlatformPkg\\Platform\\Dxe\\EmulationDfxSetup\\EmulationDfxSetupForms.vfr"
      endoneof;
>000000C8: 29 02 

      oneof varid  = EMULATION_DFX_CONFIGURATION.DfxHybridSystemLevelEmulation,
>000000CA: 05 91 07 00 08 00 02 00 01 00 01 00 10 10 00 02 00 
          prompt   = STRING_TOKEN(0x0007),
          help     = STRING_TOKEN(0x0008),




#line 85 "c:\\r9tip\\allpkg\\comancheridge\\allpkg\\intel\\ServerPlatformPkg\\Platform\\Dxe\\EmulationDfxSetup\\EmulationDfxSetupForms.vfr"
          option text = STRING_TOKEN(0x000A),         value = 1, flags = RESET_REQUIRED;
>000000DB: 09 07 0A 00 00 00 01 
          option text = STRING_TOKEN(0x000B),          value = 2,  flags = RESET_REQUIRED;
>000000E2: 09 07 0B 00 00 00 02 
          option text = STRING_TOKEN(0x0009),            value = 0,    flags = RESET_REQUIRED | MANUFACTURING | DEFAULT;
>000000E9: 09 07 09 00 30 00 00 
#line 89 "c:\\r9tip\\allpkg\\comancheridge\\allpkg\\intel\\ServerPlatformPkg\\Platform\\Dxe\\EmulationDfxSetup\\EmulationDfxSetupForms.vfr"
      endoneof;
>000000F0: 29 02 

      
      oneof varid     = EMULATION_DFX_CONFIGURATION.DfxPmMsrTrace,
>000000F2: 05 91 0E 00 0F 00 03 00 01 00 02 00 10 10 00 02 00 
          prompt      = STRING_TOKEN(0x000E),
          help        = STRING_TOKEN(0x000F),
          option text = STRING_TOKEN(0x000A),         value = 1, flags = RESET_REQUIRED;
>00000103: 09 07 0A 00 00 00 01 
          option text = STRING_TOKEN(0x000B),          value = 2,  flags = RESET_REQUIRED;
>0000010A: 09 07 0B 00 00 00 02 
          option text = STRING_TOKEN(0x0009),            value = 0,    flags = RESET_REQUIRED | MANUFACTURING | DEFAULT;
>00000111: 09 07 09 00 30 00 00 
      endoneof;
>00000118: 29 02 

  endform;
>0000011A: 29 02 

 endformset;
>0000011C: 29 02 

//
// All Opcode Record List 
//
>00000000: 0E A7 6E B5 B3 52 16 E7 5F 45 A5 E3 B3 14 F1 8E 6C 5D 03 00 04 00 01 71 99 03 93 45 85 04 4B B4 5E 32 EB 83 26 04 0E 
>00000027: 5F 15 35 17 0B 0F A0 87 93 41 B2 66 53 8C 38 AF 48 CE 03 2D 00 
>0000003C: 5F 15 35 17 0B 0F A0 87 93 41 B2 66 53 8C 38 AF 48 CE 04 00 00 
>00000051: 5C 06 0C 00 00 00 
>00000057: 5C 06 0D 00 01 00 
>0000005D: 26 2D 01 00 AD 6E 26 41 1C 70 1F 46 A6 B1 42 CD 38 7D 1A 6E 07 00 00 00 03 00 45 6D 75 6C 61 74 69 6F 6E 44 66 78 43 6F 6E 66 69 67 00 
>0000008A: 01 86 D0 48 03 00 
>00000090: 02 87 03 00 00 00 00 
>00000097: 29 02 
>00000099: 02 87 02 00 00 00 00 
>000000A0: 29 02 
>000000A2: 05 91 05 00 06 00 01 00 01 00 00 00 10 10 00 02 00 
>000000B3: 09 07 0A 00 00 00 01 
>000000BA: 09 07 0B 00 00 00 02 
>000000C1: 09 07 09 00 30 00 00 
>000000C8: 29 02 
>000000CA: 05 91 07 00 08 00 02 00 01 00 01 00 10 10 00 02 00 
>000000DB: 09 07 0A 00 00 00 01 
>000000E2: 09 07 0B 00 00 00 02 
>000000E9: 09 07 09 00 30 00 00 
>000000F0: 29 02 
>000000F2: 05 91 0E 00 0F 00 03 00 01 00 02 00 10 10 00 02 00 
>00000103: 09 07 0A 00 00 00 01 
>0000010A: 09 07 0B 00 00 00 02 
>00000111: 09 07 09 00 30 00 00 
>00000118: 29 02 
>0000011A: 29 02 
>0000011C: 29 02 

Total Size of all record is 0x0000011E


***************************************************************
		mPackAlign = 1
		struct EMULATION_DFX_CONFIGURATION : mAlign [1] mTotalSize [0x3]

		struct EMULATION_DFX_CONFIGURATION {
			+00000000[00000000] DfxUbiosGeneration <UINT8>
			+00000001[00000001] DfxHybridSystemLevelEmulation <UINT8>
			+00000002[00000002] DfxPmMsrTrace <UINT8>
		};
---------------------------------------------------------------
		struct EFI_HII_REF : mAlign [16] mTotalSize [0x16]

		struct EFI_HII_REF {
			+00000000[00000000] QuestionId <UINT16>
			+00000002[00000002] FormId <UINT16>
			+00000004[00000004] FormSetGuid <(null)>
			+00000020[00000014] DevicePath <EFI_STRING_ID>
		};
---------------------------------------------------------------
		struct EFI_HII_TIME : mAlign [1] mTotalSize [0x3]

		struct EFI_HII_TIME {
			+00000000[00000000] Hours <UINT8>
			+00000001[00000001] Minutes <UINT8>
			+00000002[00000002] Seconds <UINT8>
		};
---------------------------------------------------------------
		struct EFI_STRING_ID : mAlign [2] mTotalSize [0x2]

		struct EFI_STRING_ID {
		};
---------------------------------------------------------------
		struct EFI_HII_DATE : mAlign [2] mTotalSize [0x4]

		struct EFI_HII_DATE {
			+00000000[00000000] Year <UINT16>
			+00000002[00000002] Month <UINT8>
			+00000003[00000003] Day <UINT8>
		};
---------------------------------------------------------------
		struct BOOLEAN : mAlign [1] mTotalSize [0x1]

		struct BOOLEAN {
		};
---------------------------------------------------------------
		struct UINT8 : mAlign [1] mTotalSize [0x1]

		struct UINT8 {
		};
---------------------------------------------------------------
		struct UINT16 : mAlign [2] mTotalSize [0x2]

		struct UINT16 {
		};
---------------------------------------------------------------
		struct UINT32 : mAlign [4] mTotalSize [0x4]

		struct UINT32 {
		};
---------------------------------------------------------------
		struct UINT64 : mAlign [8] mTotalSize [0x8]

		struct UINT64 {
		};
---------------------------------------------------------------
***************************************************************
